<?xml version="1.0" encoding="UTF-8"?>
<!-- Generated by org.testng.reporters.JUnitReportReporter -->
<testsuite name="A4.Google_form.EmptyFormTest" tests="1" time="0.601" ignored="0" failures="0" timestamp="04 июн 2018 13:28:06 GMT" skipped="0" hostname="DESKTOP-79IB6DE" errors="0">
  <testcase name="emptyFildsTest" time="0.601" classname="A4.Google_form.EmptyFormTest"/>
</testsuite> <!-- A4.Google_form.EmptyFormTest -->
