<?xml version="1.0" encoding="UTF-8"?>
<!-- Generated by org.testng.reporters.JUnitReportReporter -->
<testsuite name="A4.Google_form.NegativeTests" tests="4" time="55.035" ignored="0" failures="0" timestamp="04 июн 2018 20:24:50 GMT" skipped="0" hostname="DESKTOP-79IB6DE" errors="0">
  <testcase name="notValidEmailTest" time="12.345" classname="A4.Google_form.NegativeTests"/>
  <testcase name="emptyFildsTest" time="11.976" classname="A4.Google_form.NegativeTests"/>
  <testcase name="notValidDateTest" time="15.133" classname="A4.Google_form.NegativeTests"/>
  <testcase name="notValidNameTest" time="15.581" classname="A4.Google_form.NegativeTests"/>
</testsuite> <!-- A4.Google_form.NegativeTests -->
