<?xml version="1.0" encoding="UTF-8"?>
<!-- Generated by org.testng.reporters.JUnitReportReporter -->
<testsuite name="A4.Google_form.CheckForm" tests="1" time="28.872" ignored="0" failures="0" timestamp="04 июн 2018 19:04:57 GMT" skipped="0" hostname="DESKTOP-79IB6DE" errors="0">
  <testcase name="correctDataForFeminineTest" time="28.872" classname="A4.Google_form.CheckForm"/>
</testsuite> <!-- A4.Google_form.CheckForm -->
